c:\users\charles\code\of_v0.9.3_vs_release\apps\myapps\websocket\obj\debug\client.obj
c:\users\charles\code\of_v0.9.3_vs_release\apps\myapps\websocket\obj\debug\reactor.obj
c:\users\charles\code\of_v0.9.3_vs_release\apps\myapps\websocket\obj\debug\ofapp.obj
c:\users\charles\code\of_v0.9.3_vs_release\apps\myapps\websocket\obj\debug\events.obj
c:\users\charles\code\of_v0.9.3_vs_release\apps\myapps\websocket\obj\debug\server.obj
c:\users\charles\code\of_v0.9.3_vs_release\apps\myapps\websocket\obj\debug\jsoncpp.obj
c:\users\charles\code\of_v0.9.3_vs_release\apps\myapps\websocket\obj\debug\protocol.obj
c:\users\charles\code\of_v0.9.3_vs_release\apps\myapps\websocket\obj\debug\main.obj
c:\users\charles\code\of_v0.9.3_vs_release\apps\myapps\websocket\obj\debug\connection.obj
c:\users\charles\code\of_v0.9.3_vs_release\apps\myapps\websocket\obj\debug\util.obj
c:\users\charles\code\of_v0.9.3_vs_release\apps\myapps\websocket\obj\debug\vc140.pdb
c:\users\charles\code\of_v0.9.3_vs_release\apps\myapps\websocket\bin\websocket_debug.ilk
c:\users\charles\code\of_v0.9.3_vs_release\apps\myapps\websocket\bin\websocket_debug.exe
c:\users\charles\code\of_v0.9.3_vs_release\apps\myapps\websocket\bin\websocket_debug.pdb
c:\users\charles\code\of_v0.9.3_vs_release\apps\myapps\websocket\obj\debug\icon.res
c:\users\charles\code\of_v0.9.3_vs_release\apps\myapps\websocket\bin\websocket_debug.lib
c:\users\charles\code\of_v0.9.3_vs_release\apps\myapps\websocket\bin\websocket_debug.exp
c:\users\charles\code\of_v0.9.3_vs_release\apps\myapps\websocket\obj\debug\websocket.vcxprojresolveassemblyreference.cache
c:\users\charles\code\of_v0.9.3_vs_release\apps\myapps\websocket\obj\debug\websocket.tlog\cl.command.1.tlog
c:\users\charles\code\of_v0.9.3_vs_release\apps\myapps\websocket\obj\debug\websocket.tlog\cl.read.1.tlog
c:\users\charles\code\of_v0.9.3_vs_release\apps\myapps\websocket\obj\debug\websocket.tlog\cl.write.1.tlog
c:\users\charles\code\of_v0.9.3_vs_release\apps\myapps\websocket\obj\debug\websocket.tlog\link.command.1.tlog
c:\users\charles\code\of_v0.9.3_vs_release\apps\myapps\websocket\obj\debug\websocket.tlog\link.read.1.tlog
c:\users\charles\code\of_v0.9.3_vs_release\apps\myapps\websocket\obj\debug\websocket.tlog\link.write.1.tlog
c:\users\charles\code\of_v0.9.3_vs_release\apps\myapps\websocket\obj\debug\websocket.tlog\rc.command.1.tlog
c:\users\charles\code\of_v0.9.3_vs_release\apps\myapps\websocket\obj\debug\websocket.tlog\rc.read.1.tlog
c:\users\charles\code\of_v0.9.3_vs_release\apps\myapps\websocket\obj\debug\websocket.tlog\rc.write.1.tlog
c:\users\charles\code\of_v0.9.3_vs_release\apps\myapps\websocket\obj\debug\websocket.tlog\websocket.write.1u.tlog
